[2019-10-25T00:03:09.763] [INFO] message - <Buffer 66 66 6d 70 65 67 20 76 65 72 73 69 6f 6e 20 34 2e 31 2e 34 20 43 6f 70 79 72 69 67 68 74 20 28 63 29 20 32 30 30 30 2d 32 30 31 39 20 74 68 65 20 46 ... 1002 more bytes>
[2019-10-25T00:03:09.765] [INFO] message - <Buffer 20 20 6c 69 62 61 76 75 74 69 6c 20 20 20 20 20 20 35 36 2e 20 32 32 2e 31 30 30 20 2f 20 35 36 2e 20 32 32 2e 31 30 30 0a 20 20 6c 69 62 61 76 63 6f ... 319 more bytes>
[2019-10-25T00:03:10.361] [INFO] message - <Buffer 5b 68 6c 73 2c 61 70 70 6c 65 68 74 74 70 20 40 20 30 78 37 66 38 65 32 65 30 30 33 61 30 30 5d 20 4f 70 65 6e 69 6e 67 20 27 68 74 74 70 3a 2f 2f 74 ... 116 more bytes>
[2019-10-25T00:03:10.923] [INFO] message - <Buffer 5b 68 6c 73 2c 61 70 70 6c 65 68 74 74 70 20 40 20 30 78 37 66 38 65 32 65 30 30 33 61 30 30 5d 20 4f 70 65 6e 69 6e 67 20 27 68 74 74 70 3a 2f 2f 74 ... 116 more bytes>
[2019-10-25T00:03:11.499] [INFO] message - <Buffer 49 6e 70 75 74 20 23 30 2c 20 68 6c 73 2c 61 70 70 6c 65 68 74 74 70 2c 20 66 72 6f 6d 20 27 68 74 74 70 3a 2f 2f 74 78 64 69 72 65 63 74 2e 68 6c 73 ... 266 more bytes>
[2019-10-25T00:03:11.499] [INFO] message - <Buffer 3a 20 56 69 64 65 6f 3a 20 68 32 36 34 20 28 48 69 67 68 29 20 28 5b 32 37 5d 5b 30 5d 5b 30 5d 5b 30 5d 20 2f 20 30 78 30 30 31 42 29 2c 20 79 75 76 ... 213 more bytes>
[2019-10-25T00:03:11.501] [INFO] message - <Buffer 53 74 72 65 61 6d 20 6d 61 70 70 69 6e 67 3a 0a 20 20 53 74 72 65 61 6d 20 23 30 3a 30 20 2d 3e 20 23 30 3a 30 20 28 68 32 36 34 20 28 6e 61 74 69 76 ... 107 more bytes>
[2019-10-25T00:03:11.537] [INFO] message - <Buffer 5b 6c 69 62 78 32 36 34 20 40 20 30 78 37 66 38 65 33 30 30 30 31 32 30 30 5d 20 75 73 69 6e 67 20 63 70 75 20 63 61 70 61 62 69 6c 69 74 69 65 73 3a ... 47 more bytes>
[2019-10-25T00:03:11.541] [INFO] message - <Buffer 5b 6c 69 62 78 32 36 34 20 40 20 30 78 37 66 38 65 33 30 30 30 31 32 30 30 5d 20 70 72 6f 66 69 6c 65 20 48 69 67 68 2c 20 6c 65 76 65 6c 20 33 2e 31 ... 1 more byte>
[2019-10-25T00:03:11.541] [INFO] message - <Buffer 5b 6c 69 62 78 32 36 34 20 40 20 30 78 37 66 38 65 33 30 30 30 31 32 30 30 5d 20 32 36 34 20 2d 20 63 6f 72 65 20 31 35 35 20 72 32 39 31 37 20 30 61 ... 641 more bytes>
[2019-10-25T00:03:11.542] [INFO] message - <Buffer 4f 75 74 70 75 74 20 23 30 2c 20 6d 70 34 2c 20 74 6f 20 27 72 65 73 2e 4d 50 34 27 3a 0a 20 20 4d 65 74 61 64 61 74 61 3a 0a 20 20 20 20 65 6e 63 6f ... 396 more bytes>
[2019-10-25T00:03:11.542] [INFO] message - <Buffer 0a 20 20 20 20 4d 65 74 61 64 61 74 61 3a 0a 20 20 20 20 20 20 76 61 72 69 61 6e 74 5f 62 69 74 72 61 74 65 20 3a 20 30 0a 20 20 20 20 20 20 65 6e 63 ... 33 more bytes>
[2019-10-25T00:03:11.821] [INFO] message - <Buffer 5b 68 74 74 70 20 40 20 30 78 37 66 38 65 32 66 38 31 31 30 30 30 5d 20 4f 70 65 6e 69 6e 67 20 27 68 74 74 70 3a 2f 2f 74 78 64 69 72 65 63 74 2e 68 ... 107 more bytes>
[2019-10-25T00:03:12.381] [INFO] message - <Buffer 66 72 61 6d 65 3d 20 20 20 37 36 20 66 70 73 3d 30 2e 30 20 71 3d 32 39 2e 30 20 73 69 7a 65 3d 20 20 20 20 20 20 20 30 6b 42 20 74 69 6d 65 3d 30 30 ... 48 more bytes>
[2019-10-25T00:03:12.882] [INFO] message - <Buffer 66 72 61 6d 65 3d 20 20 31 39 35 20 66 70 73 3d 31 34 31 20 71 3d 32 39 2e 30 20 73 69 7a 65 3d 20 20 20 20 20 35 31 32 6b 42 20 74 69 6d 65 3d 30 30 ... 48 more bytes>
[2019-10-25T00:03:13.745] [INFO] message - <Buffer 5b 68 74 74 70 20 40 20 30 78 37 66 38 65 32 66 38 31 31 30 30 30 5d 20 4f 70 65 6e 69 6e 67 20 27 68 74 74 70 3a 2f 2f 74 78 64 69 72 65 63 74 2e 68 ... 107 more bytes>
[2019-10-25T00:03:14.341] [INFO] message - <Buffer 66 72 61 6d 65 3d 20 20 32 35 36 20 66 70 73 3d 20 39 30 20 71 3d 32 39 2e 30 20 73 69 7a 65 3d 20 20 20 20 20 37 36 38 6b 42 20 74 69 6d 65 3d 30 30 ... 48 more bytes>
[2019-10-25T00:03:14.838] [INFO] message - <Buffer 66 72 61 6d 65 3d 20 20 33 38 39 20 66 70 73 3d 31 31 37 20 71 3d 32 39 2e 30 20 73 69 7a 65 3d 20 20 20 20 31 32 38 30 6b 42 20 74 69 6d 65 3d 30 30 ... 48 more bytes>
[2019-10-25T00:03:19.814] [INFO] message - <Buffer 5b 68 74 74 70 20 40 20 30 78 37 66 38 65 32 64 33 62 32 36 30 30 5d 20 4f 70 65 6e 69 6e 67 20 27 68 74 74 70 3a 2f 2f 74 78 64 69 72 65 63 74 2e 68 ... 160 more bytes>
[2019-10-25T00:03:20.085] [INFO] message - <Buffer 5b 68 74 74 70 20 40 20 30 78 37 66 38 65 32 66 38 31 31 30 30 30 5d 20 4f 70 65 6e 69 6e 67 20 27 68 74 74 70 3a 2f 2f 74 78 64 69 72 65 63 74 2e 68 ... 107 more bytes>
[2019-10-25T00:03:21.016] [INFO] message - <Buffer 66 72 61 6d 65 3d 20 20 34 33 36 20 66 70 73 3d 20 34 36 20 71 3d 32 39 2e 30 20 73 69 7a 65 3d 20 20 20 20 31 35 33 36 6b 42 20 74 69 6d 65 3d 30 30 ... 48 more bytes>
[2019-10-25T00:03:21.525] [INFO] message - <Buffer 66 72 61 6d 65 3d 20 20 35 35 33 20 66 70 73 3d 20 35 35 20 71 3d 32 39 2e 30 20 73 69 7a 65 3d 20 20 20 20 32 33 30 34 6b 42 20 74 69 6d 65 3d 30 30 ... 48 more bytes>
[2019-10-25T00:03:26.107] [INFO] message - <Buffer 5b 68 74 74 70 20 40 20 30 78 37 66 38 65 32 64 33 62 32 36 30 30 5d 20 4f 70 65 6e 69 6e 67 20 27 68 74 74 70 3a 2f 2f 74 78 64 69 72 65 63 74 2e 68 ... 160 more bytes>
[2019-10-25T00:03:26.383] [INFO] message - <Buffer 5b 68 74 74 70 20 40 20 30 78 37 66 38 65 32 66 38 31 31 30 30 30 5d 20 4f 70 65 6e 69 6e 67 20 27 68 74 74 70 3a 2f 2f 74 78 64 69 72 65 63 74 2e 68 ... 107 more bytes>
[2019-10-25T00:03:27.544] [INFO] message - <Buffer 66 72 61 6d 65 3d 20 20 36 31 36 20 66 70 73 3d 20 33 38 20 71 3d 32 39 2e 30 20 73 69 7a 65 3d 20 20 20 20 32 35 36 30 6b 42 20 74 69 6d 65 3d 30 30 ... 48 more bytes>
[2019-10-25T00:03:28.041] [INFO] message - <Buffer 66 72 61 6d 65 3d 20 20 37 34 31 20 66 70 73 3d 20 34 35 20 71 3d 32 39 2e 30 20 73 69 7a 65 3d 20 20 20 20 33 30 37 32 6b 42 20 74 69 6d 65 3d 30 30 ... 48 more bytes>
[2019-10-25T00:03:32.512] [INFO] message - <Buffer 5b 68 74 74 70 20 40 20 30 78 37 66 38 65 32 64 33 62 32 36 30 30 5d 20 4f 70 65 6e 69 6e 67 20 27 68 74 74 70 3a 2f 2f 74 78 64 69 72 65 63 74 2e 68 ... 160 more bytes>
[2019-10-25T00:03:32.784] [INFO] message - <Buffer 5b 68 74 74 70 20 40 20 30 78 37 66 38 65 32 66 38 31 31 30 30 30 5d 20 4f 70 65 6e 69 6e 67 20 27 68 74 74 70 3a 2f 2f 74 78 64 69 72 65 63 74 2e 68 ... 107 more bytes>
[2019-10-25T00:03:33.782] [INFO] message - <Buffer 66 72 61 6d 65 3d 20 20 37 39 36 20 66 70 73 3d 20 33 36 20 71 3d 32 36 2e 30 20 73 69 7a 65 3d 20 20 20 20 33 33 32 38 6b 42 20 74 69 6d 65 3d 30 30 ... 48 more bytes>
[2019-10-25T00:03:34.278] [INFO] message - <Buffer 66 72 61 6d 65 3d 20 20 39 32 33 20 66 70 73 3d 20 34 31 20 71 3d 32 39 2e 30 20 73 69 7a 65 3d 20 20 20 20 34 30 39 36 6b 42 20 74 69 6d 65 3d 30 30 ... 48 more bytes>
[2019-10-25T00:03:38.835] [INFO] message - <Buffer 5b 68 74 74 70 20 40 20 30 78 37 66 38 65 32 64 33 62 32 36 30 30 5d 20 4f 70 65 6e 69 6e 67 20 27 68 74 74 70 3a 2f 2f 74 78 64 69 72 65 63 74 2e 68 ... 160 more bytes>
[2019-10-25T00:03:39.113] [INFO] message - <Buffer 5b 68 74 74 70 20 40 20 30 78 37 66 38 65 32 66 38 31 31 30 30 30 5d 20 4f 70 65 6e 69 6e 67 20 27 68 74 74 70 3a 2f 2f 74 78 64 69 72 65 63 74 2e 68 ... 107 more bytes>
[2019-10-25T00:03:39.787] [INFO] message - <Buffer 66 72 61 6d 65 3d 20 20 39 37 36 20 66 70 73 3d 20 33 35 20 71 3d 32 39 2e 30 20 73 69 7a 65 3d 20 20 20 20 34 33 35 32 6b 42 20 74 69 6d 65 3d 30 30 ... 48 more bytes>
[2019-10-25T00:03:40.292] [INFO] message - <Buffer 66 72 61 6d 65 3d 20 31 30 38 37 20 66 70 73 3d 20 33 38 20 71 3d 32 39 2e 30 20 73 69 7a 65 3d 20 20 20 20 34 38 36 34 6b 42 20 74 69 6d 65 3d 30 30 ... 48 more bytes>
[2019-10-25T00:03:45.221] [INFO] message - <Buffer 5b 68 74 74 70 20 40 20 30 78 37 66 38 65 32 64 33 62 32 36 30 30 5d 20 4f 70 65 6e 69 6e 67 20 27 68 74 74 70 3a 2f 2f 74 78 64 69 72 65 63 74 2e 68 ... 160 more bytes>
[2019-10-25T00:03:45.489] [INFO] message - <Buffer 5b 68 74 74 70 20 40 20 30 78 37 66 38 65 32 66 38 31 31 30 30 30 5d 20 4f 70 65 6e 69 6e 67 20 27 68 74 74 70 3a 2f 2f 74 78 64 69 72 65 63 74 2e 68 ... 107 more bytes>
[2019-10-25T00:03:46.205] [INFO] message - <Buffer 66 72 61 6d 65 3d 20 31 31 35 36 20 66 70 73 3d 20 33 33 20 71 3d 32 39 2e 30 20 73 69 7a 65 3d 20 20 20 20 35 31 32 30 6b 42 20 74 69 6d 65 3d 30 30 ... 48 more bytes>
[2019-10-25T00:03:46.706] [INFO] message - <Buffer 66 72 61 6d 65 3d 20 31 32 38 31 20 66 70 73 3d 20 33 36 20 71 3d 32 39 2e 30 20 73 69 7a 65 3d 20 20 20 20 35 36 33 32 6b 42 20 74 69 6d 65 3d 30 30 ... 48 more bytes>
[2019-10-25T00:03:51.579] [INFO] message - <Buffer 5b 68 74 74 70 20 40 20 30 78 37 66 38 65 32 64 33 62 32 36 30 30 5d 20 4f 70 65 6e 69 6e 67 20 27 68 74 74 70 3a 2f 2f 74 78 64 69 72 65 63 74 2e 68 ... 160 more bytes>
[2019-10-25T00:03:51.853] [INFO] message - <Buffer 5b 68 74 74 70 20 40 20 30 78 37 66 38 65 32 66 38 31 31 30 30 30 5d 20 4f 70 65 6e 69 6e 67 20 27 68 74 74 70 3a 2f 2f 74 78 64 69 72 65 63 74 2e 68 ... 107 more bytes>
[2019-10-25T00:03:51.898] [ERROR] message - 手动关闭了下载
[2019-10-25T00:03:52.716] [INFO] message - <Buffer 66 72 61 6d 65 3d 20 31 33 33 36 20 66 70 73 3d 20 33 32 20 71 3d 2d 31 2e 30 20 4c 73 69 7a 65 3d 20 20 20 20 36 32 39 33 6b 42 20 74 69 6d 65 3d 30 ... 151 more bytes>
[2019-10-25T00:03:52.722] [INFO] message - <Buffer 5b 6c 69 62 78 32 36 34 20 40 20 30 78 37 66 38 65 33 30 30 30 31 32 30 30 5d 20 66 72 61 6d 65 20 49 3a 36 20 20 20 20 20 41 76 67 20 51 50 3a 31 36 ... 1260 more bytes>
[2019-10-25T00:03:52.767] [INFO] message - <Buffer 5b 61 61 63 20 40 20 30 78 37 66 38 65 33 30 30 30 32 61 30 30 5d 20 51 61 76 67 3a 20 32 34 32 2e 33 37 39 0a>
[2019-10-25T00:03:52.767] [INFO] message - <Buffer 45 78 69 74 69 6e 67 20 6e 6f 72 6d 61 6c 6c 79 2c 20 72 65 63 65 69 76 65 64 20 73 69 67 6e 61 6c 20 31 35 2e 0a>
[2019-10-25T00:03:52.773] [INFO] message - 子进程退出，退出码 255
[2019-10-25T00:15:25.069] [INFO] message - <Buffer 66 66 6d 70 65 67 20 76 65 72 73 69 6f 6e 20 34 2e 31 2e 34 20 43 6f 70 79 72 69 67 68 74 20 28 63 29 20 32 30 30 30 2d 32 30 31 39 20 74 68 65 20 46 ... 1002 more bytes>
[2019-10-25T00:15:25.071] [INFO] message - <Buffer 20 20 6c 69 62 61 76 75 74 69 6c 20 20 20 20 20 20 35 36 2e 20 32 32 2e 31 30 30 20 2f 20 35 36 2e 20 32 32 2e 31 30 30 0a 20 20 6c 69 62 61 76 63 6f ... 319 more bytes>
[2019-10-25T00:15:25.807] [INFO] message - <Buffer 5b 68 6c 73 2c 61 70 70 6c 65 68 74 74 70 20 40 20 30 78 37 66 38 39 64 61 38 30 33 34 30 30 5d 20 4f 70 65 6e 69 6e 67 20 27 68 74 74 70 3a 2f 2f 74 ... 116 more bytes>
[2019-10-25T00:15:26.354] [INFO] message - <Buffer 5b 68 6c 73 2c 61 70 70 6c 65 68 74 74 70 20 40 20 30 78 37 66 38 39 64 61 38 30 33 34 30 30 5d 20 4f 70 65 6e 69 6e 67 20 27 68 74 74 70 3a 2f 2f 74 ... 116 more bytes>
[2019-10-25T00:15:26.736] [INFO] message - <Buffer 49 6e 70 75 74 20 23 30 2c 20 68 6c 73 2c 61 70 70 6c 65 68 74 74 70 2c 20 66 72 6f 6d 20 27 68 74 74 70 3a 2f 2f 74 78 64 69 72 65 63 74 2e 68 6c 73 ... 345 more bytes>
[2019-10-25T00:15:26.737] [INFO] message - <Buffer 0a 20 20 20 20 53 74 72 65 61 6d 20 23 30 3a 31 3a 20 41 75 64 69 6f 3a 20 61 61 63 20 28 4c 43 29 20 28 5b 31 35 5d 5b 30 5d 5b 30 5d 5b 30 5d 20 2f ... 122 more bytes>
[2019-10-25T00:16:41.723] [INFO] message - <Buffer 66 66 6d 70 65 67 20 76 65 72 73 69 6f 6e 20 34 2e 31 2e 34 20 43 6f 70 79 72 69 67 68 74 20 28 63 29 20 32 30 30 30 2d 32 30 31 39 20 74 68 65 20 46 ... 1289 more bytes>
[2019-10-25T00:16:41.725] [INFO] message - <Buffer 20 20 6c 69 62 73 77 72 65 73 61 6d 70 6c 65 20 20 20 33 2e 20 20 33 2e 31 30 30 20 2f 20 20 33 2e 20 20 33 2e 31 30 30 0a 20 20 6c 69 62 70 6f 73 74 ... 32 more bytes>
[2019-10-25T00:16:42.086] [INFO] message - <Buffer 5b 68 6c 73 2c 61 70 70 6c 65 68 74 74 70 20 40 20 30 78 37 66 66 38 37 35 38 31 30 32 30 30 5d 20 4f 70 65 6e 69 6e 67 20 27 68 74 74 70 3a 2f 2f 74 ... 116 more bytes>
[2019-10-25T00:16:42.577] [INFO] message - <Buffer 5b 68 6c 73 2c 61 70 70 6c 65 68 74 74 70 20 40 20 30 78 37 66 66 38 37 35 38 31 30 32 30 30 5d 20 4f 70 65 6e 69 6e 67 20 27 68 74 74 70 3a 2f 2f 74 ... 116 more bytes>
[2019-10-25T00:16:42.944] [INFO] message - <Buffer 49 6e 70 75 74 20 23 30 2c 20 68 6c 73 2c 61 70 70 6c 65 68 74 74 70 2c 20 66 72 6f 6d 20 27 68 74 74 70 3a 2f 2f 74 78 64 69 72 65 63 74 2e 68 6c 73 ... 282 more bytes>
[2019-10-25T00:16:42.944] [INFO] message - <Buffer 33 30 20 74 62 72 2c 20 39 30 6b 20 74 62 6e 2c 20 36 30 20 74 62 63 0a 20 20 20 20 4d 65 74 61 64 61 74 61 3a 0a 20 20 20 20 20 20 76 61 72 69 61 6e ... 136 more bytes>
[2019-10-25T00:16:42.946] [INFO] message - <Buffer 53 74 72 65 61 6d 20 6d 61 70 70 69 6e 67 3a 0a 20 20 53 74 72 65 61 6d 20 23 30 3a 30 20 2d 3e 20 23 30 3a 30 20 28 68 32 36 34 20 28 6e 61 74 69 76 ... 107 more bytes>
[2019-10-25T00:16:42.973] [INFO] message - <Buffer 5b 6c 69 62 78 32 36 34 20 40 20 30 78 37 66 66 38 37 38 38 30 31 32 30 30 5d 20 75 73 69 6e 67 20 63 70 75 20 63 61 70 61 62 69 6c 69 74 69 65 73 3a ... 47 more bytes>
[2019-10-25T00:16:42.977] [INFO] message - <Buffer 5b 6c 69 62 78 32 36 34 20 40 20 30 78 37 66 66 38 37 38 38 30 31 32 30 30 5d 20 70 72 6f 66 69 6c 65 20 48 69 67 68 2c 20 6c 65 76 65 6c 20 33 2e 31 ... 692 more bytes>
[2019-10-25T00:16:42.978] [INFO] message - <Buffer 4f 75 74 70 75 74 20 23 30 2c 20 6d 70 34 2c 20 74 6f 20 27 35 36 39 35 32 31 72 65 73 2e 4d 50 34 27 3a 0a 20 20 4d 65 74 61 64 61 74 61 3a 0a 20 20 ... 485 more bytes>
[2019-10-25T00:16:43.276] [INFO] message - <Buffer 5b 68 74 74 70 20 40 20 30 78 37 66 66 38 37 37 30 30 33 63 30 30 5d 20 4f 70 65 6e 69 6e 67 20 27 68 74 74 70 3a 2f 2f 74 78 64 69 72 65 63 74 2e 68 ... 107 more bytes>
[2019-10-25T00:16:43.676] [INFO] message - <Buffer 66 72 61 6d 65 3d 20 20 20 37 37 20 66 70 73 3d 30 2e 30 20 71 3d 32 39 2e 30 20 73 69 7a 65 3d 20 20 20 20 20 20 20 30 6b 42 20 74 69 6d 65 3d 30 30 ... 61 more bytes>
[2019-10-25T00:16:44.176] [INFO] message - <Buffer 66 72 61 6d 65 3d 20 20 32 30 34 20 66 70 73 3d 31 36 36 20 71 3d 32 39 2e 30 20 73 69 7a 65 3d 20 20 20 20 20 35 31 32 6b 42 20 74 69 6d 65 3d 30 30 ... 61 more bytes>
[2019-10-25T00:16:45.464] [INFO] message - <Buffer 5b 68 74 74 70 20 40 20 30 78 37 66 66 38 37 37 30 30 33 63 30 30 5d 20 4f 70 65 6e 69 6e 67 20 27 68 74 74 70 3a 2f 2f 74 78 64 69 72 65 63 74 2e 68 ... 107 more bytes>
[2019-10-25T00:18:57.807] [INFO] message - ffmpeg version 4.1.4 Copyright (c) 2000-2019 the FFmpeg developers
  built with Apple LLVM version 10.0.0 (clang-1000.11.45.5)
  configuration: --prefix=/usr/local/Cellar/ffmpeg/4.1.4_1 --enable-shared --enable-pthreads --enable-version3 --enable-avresample --cc=clang --host-cflags='-I/Library/Java/JavaVirtualMachines/adoptopenjdk-12.0.1.jdk/Contents/Home/include -I/Library/Java/JavaVirtualMachines/adoptopenjdk-12.0.1.jdk/Contents/Home/include/darwin' --host-ldflags= --enable-ffplay --enable-gnutls --enable-gpl --enable-libaom --enable-libbluray --enable-libmp3lame --enable-libopus --enable-librubberband --enable-libsnappy --enable-libtesseract --enable-libtheora --enable-libvorbis --enable-libvpx --enable-libx264 --enable-libx265 --enable-libxvid --enable-lzma --enable-libfontconfig --enable-libfreetype --enable-frei0r --enable-libass --enable-libopencore-amrnb --enable-libopencore-amrwb --enable-libopenjpeg --enable-librtmp --enable-libspeex --enable-videotoolbox --disable-libjack --disable-indev=jack --enable-libaom --enable-libsoxr
  libavutil      56. 22.100 / 56. 22.100
  libavcodec     58. 35.100 / 58. 35.100
  libavformat    58. 20.100 / 58. 20.100
  libavdevice    58.  5.100 / 58.  5.100
  libavfilter     7. 40.101 /  7. 40.101
  libavresample   4.  0.  0 /  4.  0.  0
  libswscale      5.  3.100 /  5.  3.100
  libswresample   3.  3.100 /  3.  3.100
  libpostproc    55.  3.100 / 55.  3.100

[2019-10-25T00:18:58.298] [INFO] message - [hls,applehttp @ 0x7fb32d00b600] Opening 'http://txdirect.hls.huya.com/huyalive/71249813-71249813-306015616681115648-322573202-10057-A-0-1-1571933969.ts' for reading

[2019-10-25T00:18:58.713] [INFO] message - [hls,applehttp @ 0x7fb32d00b600] Opening 'http://txdirect.hls.huya.com/huyalive/71249813-71249813-306015616681115648-322573202-10057-A-0-1-1571933970.ts' for reading

[2019-10-25T00:18:59.003] [INFO] message - Input #0, hls,applehttp, from 'http://txdirect.hls.huya.com/huyalive/71249813-71249813-306015616681115648-322573202-10057-A-0-1.m3u8?wsSecret=6a360c325887f53119073ef8a0f90436&amp;wsTime=50de2697':
  Duration: N/A, start: 16713.438311, bitrate: N/A
  Program 0 
    Metadata:
      variant_bitrate : 0
    Stream #0:0: Video: h264 (High) ([27][0][0][0] / 0x001B), yuv420p(tv, bt709), 1280x720, 29.97 tbr, 90k tbn, 60 tbc
    Metadata:
      variant_bitrate : 0

[2019-10-25T00:18:59.003] [INFO] message -     Stream #0:1: Audio: aac (LC) ([15][0][0][0] / 0x000F), 44100 Hz, stereo, fltp
    Metadata:
      variant_bitrate : 0

[2019-10-25T00:18:59.003] [INFO] message - File '569521res.MP4' already exists. Overwrite ? [y/N] 
